2023-11-19 21:11:03,127 ----------------------------------------------------------------------------------------------------
2023-11-19 21:11:03,127 Model: "TextClassifier(
  (embeddings): DocumentPoolEmbeddings(
    fine_tune_mode=none, pooling=mean
    (embeddings): StackedEmbeddings(
      (list_embedding_0): WordEmbeddings(
        'glove'
        (embedding): Embedding(400001, 100)
      )
    )
  )
  (decoder): Linear(in_features=100, out_features=2, bias=True)
  (dropout): Dropout(p=0.0, inplace=False)
  (locked_dropout): LockedDropout(p=0.0)
  (word_dropout): WordDropout(p=0.0)
  (loss_function): CrossEntropyLoss()
  (weights): None
  (weight_tensor) None
)"
2023-11-19 21:11:03,127 ----------------------------------------------------------------------------------------------------
2023-11-19 21:11:03,127 Corpus: 2025 train + 225 dev + 250 test sentences
2023-11-19 21:11:03,127 ----------------------------------------------------------------------------------------------------
2023-11-19 21:11:03,127 Train:  2025 sentences
2023-11-19 21:11:03,127         (train_with_dev=False, train_with_test=False)
2023-11-19 21:11:03,127 ----------------------------------------------------------------------------------------------------
2023-11-19 21:11:03,127 Training Params:
2023-11-19 21:11:03,127  - learning_rate: "0.1" 
2023-11-19 21:11:03,127  - mini_batch_size: "32"
2023-11-19 21:11:03,127  - max_epochs: "10"
2023-11-19 21:11:03,127  - shuffle: "True"
2023-11-19 21:11:03,127 ----------------------------------------------------------------------------------------------------
2023-11-19 21:11:03,127 Plugins:
2023-11-19 21:11:03,127  - AnnealOnPlateau | patience: '3', anneal_factor: '0.5', min_learning_rate: '0.0001'
2023-11-19 21:11:03,127 ----------------------------------------------------------------------------------------------------
2023-11-19 21:11:03,127 Final evaluation on model from best epoch (best-model.pt)
2023-11-19 21:11:03,128  - metric: "('micro avg', 'f1-score')"
2023-11-19 21:11:03,128 ----------------------------------------------------------------------------------------------------
2023-11-19 21:11:03,128 Computation:
2023-11-19 21:11:03,128  - compute on device: cpu
2023-11-19 21:11:03,128  - embedding storage: cpu
2023-11-19 21:11:03,128 ----------------------------------------------------------------------------------------------------
2023-11-19 21:11:03,128 Model training base path: "classifier"
2023-11-19 21:11:03,128 ----------------------------------------------------------------------------------------------------
2023-11-19 21:11:03,128 ----------------------------------------------------------------------------------------------------
2023-11-19 21:11:03,854 epoch 1 - iter 6/64 - loss 0.88400855 - time (sec): 0.73 - samples/sec: 264.37 - lr: 0.100000 - momentum: 0.000000
2023-11-19 21:11:04,515 epoch 1 - iter 12/64 - loss 0.88396302 - time (sec): 1.39 - samples/sec: 276.80 - lr: 0.100000 - momentum: 0.000000
2023-11-19 21:11:05,439 epoch 1 - iter 18/64 - loss 0.90135088 - time (sec): 2.31 - samples/sec: 249.29 - lr: 0.100000 - momentum: 0.000000
2023-11-19 21:11:06,138 epoch 1 - iter 24/64 - loss 0.91910574 - time (sec): 3.01 - samples/sec: 255.11 - lr: 0.100000 - momentum: 0.000000
2023-11-19 21:11:06,812 epoch 1 - iter 30/64 - loss 0.92947888 - time (sec): 3.68 - samples/sec: 260.61 - lr: 0.100000 - momentum: 0.000000
2023-11-19 21:11:07,657 epoch 1 - iter 36/64 - loss 0.91739042 - time (sec): 4.53 - samples/sec: 254.36 - lr: 0.100000 - momentum: 0.000000
2023-11-19 21:11:08,343 epoch 1 - iter 42/64 - loss 0.91689622 - time (sec): 5.22 - samples/sec: 257.70 - lr: 0.100000 - momentum: 0.000000
2023-11-19 21:11:09,032 epoch 1 - iter 48/64 - loss 0.91121411 - time (sec): 5.90 - samples/sec: 260.15 - lr: 0.100000 - momentum: 0.000000
2023-11-19 21:11:09,749 epoch 1 - iter 54/64 - loss 0.90482956 - time (sec): 6.62 - samples/sec: 260.99 - lr: 0.100000 - momentum: 0.000000
2023-11-19 21:11:10,640 epoch 1 - iter 60/64 - loss 0.90788143 - time (sec): 7.51 - samples/sec: 255.60 - lr: 0.100000 - momentum: 0.000000
2023-11-19 21:11:10,950 ----------------------------------------------------------------------------------------------------
2023-11-19 21:11:10,951 EPOCH 1 done: loss 0.9077 - lr: 0.100000
2023-11-19 21:11:12,087 DEV : loss 0.8828572034835815 - f1-score (micro avg)  0.4533
2023-11-19 21:11:12,683  - 0 epochs without improvement
2023-11-19 21:11:12,684 saving best model
2023-11-19 21:11:13,091 ----------------------------------------------------------------------------------------------------
2023-11-19 21:11:13,874 epoch 2 - iter 6/64 - loss 0.88782200 - time (sec): 0.78 - samples/sec: 245.18 - lr: 0.100000 - momentum: 0.000000
2023-11-19 21:11:14,548 epoch 2 - iter 12/64 - loss 0.89557258 - time (sec): 1.46 - samples/sec: 263.46 - lr: 0.100000 - momentum: 0.000000
2023-11-19 21:11:15,276 epoch 2 - iter 18/64 - loss 0.88284143 - time (sec): 2.19 - samples/sec: 263.57 - lr: 0.100000 - momentum: 0.000000
2023-11-19 21:11:16,169 epoch 2 - iter 24/64 - loss 0.86361855 - time (sec): 3.08 - samples/sec: 249.49 - lr: 0.100000 - momentum: 0.000000
2023-11-19 21:11:16,891 epoch 2 - iter 30/64 - loss 0.86423665 - time (sec): 3.80 - samples/sec: 252.60 - lr: 0.100000 - momentum: 0.000000
2023-11-19 21:11:17,600 epoch 2 - iter 36/64 - loss 0.85561348 - time (sec): 4.51 - samples/sec: 255.46 - lr: 0.100000 - momentum: 0.000000
2023-11-19 21:11:18,302 epoch 2 - iter 42/64 - loss 0.85215194 - time (sec): 5.21 - samples/sec: 257.91 - lr: 0.100000 - momentum: 0.000000
2023-11-19 21:11:19,016 epoch 2 - iter 48/64 - loss 0.85517522 - time (sec): 5.93 - samples/sec: 259.23 - lr: 0.100000 - momentum: 0.000000
2023-11-19 21:11:19,956 epoch 2 - iter 54/64 - loss 0.84677640 - time (sec): 6.87 - samples/sec: 251.70 - lr: 0.100000 - momentum: 0.000000
2023-11-19 21:11:20,695 epoch 2 - iter 60/64 - loss 0.85021446 - time (sec): 7.60 - samples/sec: 252.50 - lr: 0.100000 - momentum: 0.000000
2023-11-19 21:11:21,145 ----------------------------------------------------------------------------------------------------
2023-11-19 21:11:21,145 EPOCH 2 done: loss 0.8530 - lr: 0.100000
2023-11-19 21:11:22,118 DEV : loss 0.8783490061759949 - f1-score (micro avg)  0.4533
2023-11-19 21:11:22,748  - 0 epochs without improvement
2023-11-19 21:11:22,750 ----------------------------------------------------------------------------------------------------
2023-11-19 21:11:23,507 epoch 3 - iter 6/64 - loss 0.87799916 - time (sec): 0.76 - samples/sec: 253.42 - lr: 0.100000 - momentum: 0.000000
2023-11-19 21:11:24,253 epoch 3 - iter 12/64 - loss 0.89608843 - time (sec): 1.50 - samples/sec: 255.50 - lr: 0.100000 - momentum: 0.000000
2023-11-19 21:11:24,968 epoch 3 - iter 18/64 - loss 0.90057748 - time (sec): 2.22 - samples/sec: 259.67 - lr: 0.100000 - momentum: 0.000000
2023-11-19 21:11:25,849 epoch 3 - iter 24/64 - loss 0.89696234 - time (sec): 3.10 - samples/sec: 247.81 - lr: 0.100000 - momentum: 0.000000
2023-11-19 21:11:26,593 epoch 3 - iter 30/64 - loss 0.89147007 - time (sec): 3.84 - samples/sec: 249.77 - lr: 0.100000 - momentum: 0.000000
2023-11-19 21:11:27,315 epoch 3 - iter 36/64 - loss 0.89204659 - time (sec): 4.57 - samples/sec: 252.35 - lr: 0.100000 - momentum: 0.000000
2023-11-19 21:11:28,033 epoch 3 - iter 42/64 - loss 0.87829229 - time (sec): 5.28 - samples/sec: 254.41 - lr: 0.100000 - momentum: 0.000000
2023-11-19 21:11:28,878 epoch 3 - iter 48/64 - loss 0.87632222 - time (sec): 6.13 - samples/sec: 250.66 - lr: 0.100000 - momentum: 0.000000
2023-11-19 21:11:29,591 epoch 3 - iter 54/64 - loss 0.87269292 - time (sec): 6.84 - samples/sec: 252.59 - lr: 0.100000 - momentum: 0.000000
2023-11-19 21:11:30,293 epoch 3 - iter 60/64 - loss 0.87970024 - time (sec): 7.54 - samples/sec: 254.54 - lr: 0.100000 - momentum: 0.000000
2023-11-19 21:11:30,772 ----------------------------------------------------------------------------------------------------
2023-11-19 21:11:30,772 EPOCH 3 done: loss 0.8762 - lr: 0.100000
2023-11-19 21:11:31,742 DEV : loss 0.8697565793991089 - f1-score (micro avg)  0.4533
2023-11-19 21:11:32,372  - 0 epochs without improvement
2023-11-19 21:11:32,373 ----------------------------------------------------------------------------------------------------
2023-11-19 21:11:33,134 epoch 4 - iter 6/64 - loss 0.88036998 - time (sec): 0.76 - samples/sec: 252.33 - lr: 0.100000 - momentum: 0.000000
2023-11-19 21:11:34,048 epoch 4 - iter 12/64 - loss 0.84520512 - time (sec): 1.67 - samples/sec: 229.38 - lr: 0.100000 - momentum: 0.000000
2023-11-19 21:11:34,760 epoch 4 - iter 18/64 - loss 0.84692961 - time (sec): 2.39 - samples/sec: 241.40 - lr: 0.100000 - momentum: 0.000000
2023-11-19 21:11:35,466 epoch 4 - iter 24/64 - loss 0.84134499 - time (sec): 3.09 - samples/sec: 248.35 - lr: 0.100000 - momentum: 0.000000
2023-11-19 21:11:36,153 epoch 4 - iter 30/64 - loss 0.85828587 - time (sec): 3.78 - samples/sec: 253.97 - lr: 0.100000 - momentum: 0.000000
2023-11-19 21:11:36,854 epoch 4 - iter 36/64 - loss 0.85654225 - time (sec): 4.48 - samples/sec: 257.12 - lr: 0.100000 - momentum: 0.000000
2023-11-19 21:11:37,760 epoch 4 - iter 42/64 - loss 0.84629689 - time (sec): 5.39 - samples/sec: 249.50 - lr: 0.100000 - momentum: 0.000000
2023-11-19 21:11:38,481 epoch 4 - iter 48/64 - loss 0.84268748 - time (sec): 6.11 - samples/sec: 251.51 - lr: 0.100000 - momentum: 0.000000
2023-11-19 21:11:39,172 epoch 4 - iter 54/64 - loss 0.84196810 - time (sec): 6.80 - samples/sec: 254.16 - lr: 0.100000 - momentum: 0.000000
2023-11-19 21:11:39,920 epoch 4 - iter 60/64 - loss 0.85795100 - time (sec): 7.55 - samples/sec: 254.41 - lr: 0.100000 - momentum: 0.000000
2023-11-19 21:11:40,367 ----------------------------------------------------------------------------------------------------
2023-11-19 21:11:40,367 EPOCH 4 done: loss 0.8562 - lr: 0.100000
2023-11-19 21:12:01,214 DEV : loss 0.8513666391372681 - f1-score (micro avg)  0.4533
2023-11-19 21:12:01,618  - 0 epochs without improvement
2023-11-19 21:12:01,619 ----------------------------------------------------------------------------------------------------
2023-11-19 21:12:02,394 epoch 5 - iter 6/64 - loss 0.87054925 - time (sec): 0.77 - samples/sec: 247.90 - lr: 0.100000 - momentum: 0.000000
2023-11-19 21:12:03,237 epoch 5 - iter 12/64 - loss 0.88675048 - time (sec): 1.62 - samples/sec: 237.35 - lr: 0.100000 - momentum: 0.000000
2023-11-19 21:12:03,973 epoch 5 - iter 18/64 - loss 0.85735505 - time (sec): 2.35 - samples/sec: 244.74 - lr: 0.100000 - momentum: 0.000000
2023-11-19 21:12:04,680 epoch 5 - iter 24/64 - loss 0.86416615 - time (sec): 3.06 - samples/sec: 250.96 - lr: 0.100000 - momentum: 0.000000
2023-11-19 21:12:05,388 epoch 5 - iter 30/64 - loss 0.85780198 - time (sec): 3.77 - samples/sec: 254.72 - lr: 0.100000 - momentum: 0.000000
2023-11-19 21:12:06,273 epoch 5 - iter 36/64 - loss 0.85106002 - time (sec): 4.65 - samples/sec: 247.58 - lr: 0.100000 - momentum: 0.000000
2023-11-19 21:12:06,989 epoch 5 - iter 42/64 - loss 0.84119070 - time (sec): 5.37 - samples/sec: 250.31 - lr: 0.100000 - momentum: 0.000000
2023-11-19 21:12:07,742 epoch 5 - iter 48/64 - loss 0.84184100 - time (sec): 6.12 - samples/sec: 250.87 - lr: 0.100000 - momentum: 0.000000
2023-11-19 21:12:08,441 epoch 5 - iter 54/64 - loss 0.83640844 - time (sec): 6.82 - samples/sec: 253.32 - lr: 0.100000 - momentum: 0.000000
2023-11-19 21:12:09,336 epoch 5 - iter 60/64 - loss 0.83129187 - time (sec): 7.72 - samples/sec: 248.81 - lr: 0.100000 - momentum: 0.000000
2023-11-19 21:12:09,635 ----------------------------------------------------------------------------------------------------
2023-11-19 21:12:09,635 EPOCH 5 done: loss 0.8262 - lr: 0.100000
2023-11-19 21:12:10,754 DEV : loss 0.8393897414207458 - f1-score (micro avg)  0.4578
2023-11-19 21:12:11,356  - 0 epochs without improvement
2023-11-19 21:12:11,358 saving best model
2023-11-19 21:12:11,675 ----------------------------------------------------------------------------------------------------
2023-11-19 21:12:12,438 epoch 6 - iter 6/64 - loss 0.90684560 - time (sec): 0.76 - samples/sec: 251.73 - lr: 0.100000 - momentum: 0.000000
2023-11-19 21:12:13,185 epoch 6 - iter 12/64 - loss 0.86297455 - time (sec): 1.51 - samples/sec: 254.47 - lr: 0.100000 - momentum: 0.000000
2023-11-19 21:12:13,935 epoch 6 - iter 18/64 - loss 0.84712324 - time (sec): 2.26 - samples/sec: 254.91 - lr: 0.100000 - momentum: 0.000000
2023-11-19 21:12:14,636 epoch 6 - iter 24/64 - loss 0.84480650 - time (sec): 2.96 - samples/sec: 259.43 - lr: 0.100000 - momentum: 0.000000
2023-11-19 21:12:15,333 epoch 6 - iter 30/64 - loss 0.84118373 - time (sec): 3.66 - samples/sec: 262.52 - lr: 0.100000 - momentum: 0.000000
2023-11-19 21:12:16,250 epoch 6 - iter 36/64 - loss 0.84887512 - time (sec): 4.57 - samples/sec: 251.86 - lr: 0.100000 - momentum: 0.000000
2023-11-19 21:12:16,938 epoch 6 - iter 42/64 - loss 0.85247641 - time (sec): 5.26 - samples/sec: 255.40 - lr: 0.100000 - momentum: 0.000000
2023-11-19 21:12:17,680 epoch 6 - iter 48/64 - loss 0.83503058 - time (sec): 6.00 - samples/sec: 255.82 - lr: 0.100000 - momentum: 0.000000
2023-11-19 21:12:18,602 epoch 6 - iter 54/64 - loss 0.83527769 - time (sec): 6.93 - samples/sec: 249.47 - lr: 0.100000 - momentum: 0.000000
2023-11-19 21:12:19,300 epoch 6 - iter 60/64 - loss 0.82645011 - time (sec): 7.62 - samples/sec: 251.81 - lr: 0.100000 - momentum: 0.000000
2023-11-19 21:12:19,582 ----------------------------------------------------------------------------------------------------
2023-11-19 21:12:19,582 EPOCH 6 done: loss 0.8187 - lr: 0.100000
2023-11-19 21:12:20,712 DEV : loss 0.697002649307251 - f1-score (micro avg)  0.5289
2023-11-19 21:12:21,310  - 0 epochs without improvement
2023-11-19 21:12:21,311 saving best model
2023-11-19 21:12:21,635 ----------------------------------------------------------------------------------------------------
2023-11-19 21:12:22,435 epoch 7 - iter 6/64 - loss 0.92862150 - time (sec): 0.80 - samples/sec: 240.17 - lr: 0.100000 - momentum: 0.000000
2023-11-19 21:12:23,112 epoch 7 - iter 12/64 - loss 0.88754721 - time (sec): 1.48 - samples/sec: 260.02 - lr: 0.100000 - momentum: 0.000000
2023-11-19 21:12:23,871 epoch 7 - iter 18/64 - loss 0.87636076 - time (sec): 2.24 - samples/sec: 257.64 - lr: 0.100000 - momentum: 0.000000
2023-11-19 21:12:24,625 epoch 7 - iter 24/64 - loss 0.86338259 - time (sec): 2.99 - samples/sec: 256.87 - lr: 0.100000 - momentum: 0.000000
2023-11-19 21:12:25,532 epoch 7 - iter 30/64 - loss 0.86797423 - time (sec): 3.90 - samples/sec: 246.38 - lr: 0.100000 - momentum: 0.000000
2023-11-19 21:12:26,244 epoch 7 - iter 36/64 - loss 0.85439281 - time (sec): 4.61 - samples/sec: 249.95 - lr: 0.100000 - momentum: 0.000000
2023-11-19 21:12:26,968 epoch 7 - iter 42/64 - loss 0.85024860 - time (sec): 5.33 - samples/sec: 252.01 - lr: 0.100000 - momentum: 0.000000
2023-11-19 21:12:27,666 epoch 7 - iter 48/64 - loss 0.83954957 - time (sec): 6.03 - samples/sec: 254.72 - lr: 0.100000 - momentum: 0.000000
2023-11-19 21:12:28,559 epoch 7 - iter 54/64 - loss 0.83340724 - time (sec): 6.92 - samples/sec: 249.59 - lr: 0.100000 - momentum: 0.000000
2023-11-19 21:12:29,254 epoch 7 - iter 60/64 - loss 0.83293155 - time (sec): 7.62 - samples/sec: 252.01 - lr: 0.100000 - momentum: 0.000000
2023-11-19 21:12:29,696 ----------------------------------------------------------------------------------------------------
2023-11-19 21:12:29,697 EPOCH 7 done: loss 0.8286 - lr: 0.100000
2023-11-19 21:12:30,661 DEV : loss 0.7402542233467102 - f1-score (micro avg)  0.5022
2023-11-19 21:12:31,298  - 1 epochs without improvement
2023-11-19 21:12:31,300 ----------------------------------------------------------------------------------------------------
2023-11-19 21:12:32,082 epoch 8 - iter 6/64 - loss 0.72758570 - time (sec): 0.78 - samples/sec: 245.65 - lr: 0.100000 - momentum: 0.000000
2023-11-19 21:12:32,821 epoch 8 - iter 12/64 - loss 0.77498165 - time (sec): 1.52 - samples/sec: 252.43 - lr: 0.100000 - momentum: 0.000000
2023-11-19 21:12:33,522 epoch 8 - iter 18/64 - loss 0.78188934 - time (sec): 2.22 - samples/sec: 259.29 - lr: 0.100000 - momentum: 0.000000
2023-11-19 21:12:34,419 epoch 8 - iter 24/64 - loss 0.79232205 - time (sec): 3.12 - samples/sec: 246.22 - lr: 0.100000 - momentum: 0.000000
2023-11-19 21:12:35,136 epoch 8 - iter 30/64 - loss 0.78611903 - time (sec): 3.84 - samples/sec: 250.28 - lr: 0.100000 - momentum: 0.000000
2023-11-19 21:12:35,865 epoch 8 - iter 36/64 - loss 0.77288217 - time (sec): 4.56 - samples/sec: 252.36 - lr: 0.100000 - momentum: 0.000000
2023-11-19 21:12:36,574 epoch 8 - iter 42/64 - loss 0.77235644 - time (sec): 5.27 - samples/sec: 254.84 - lr: 0.100000 - momentum: 0.000000
2023-11-19 21:12:37,255 epoch 8 - iter 48/64 - loss 0.78255222 - time (sec): 5.95 - samples/sec: 257.95 - lr: 0.100000 - momentum: 0.000000
2023-11-19 21:12:38,141 epoch 8 - iter 54/64 - loss 0.78456129 - time (sec): 6.84 - samples/sec: 252.61 - lr: 0.100000 - momentum: 0.000000
2023-11-19 21:12:38,896 epoch 8 - iter 60/64 - loss 0.77978850 - time (sec): 7.60 - samples/sec: 252.78 - lr: 0.100000 - momentum: 0.000000
2023-11-19 21:12:39,323 ----------------------------------------------------------------------------------------------------
2023-11-19 21:12:39,324 EPOCH 8 done: loss 0.7780 - lr: 0.100000
2023-11-19 21:12:40,288 DEV : loss 0.7568300366401672 - f1-score (micro avg)  0.4978
2023-11-19 21:12:40,922  - 2 epochs without improvement
2023-11-19 21:12:40,923 ----------------------------------------------------------------------------------------------------
2023-11-19 21:12:41,685 epoch 9 - iter 6/64 - loss 0.83446981 - time (sec): 0.76 - samples/sec: 251.87 - lr: 0.100000 - momentum: 0.000000
2023-11-19 21:12:42,419 epoch 9 - iter 12/64 - loss 0.83481617 - time (sec): 1.50 - samples/sec: 256.72 - lr: 0.100000 - momentum: 0.000000
2023-11-19 21:12:43,277 epoch 9 - iter 18/64 - loss 0.84183356 - time (sec): 2.35 - samples/sec: 244.72 - lr: 0.100000 - momentum: 0.000000
2023-11-19 21:12:43,977 epoch 9 - iter 24/64 - loss 0.82389081 - time (sec): 3.05 - samples/sec: 251.44 - lr: 0.100000 - momentum: 0.000000
2023-11-19 21:12:44,719 epoch 9 - iter 30/64 - loss 0.81802387 - time (sec): 3.80 - samples/sec: 252.87 - lr: 0.100000 - momentum: 0.000000
2023-11-19 21:12:45,436 epoch 9 - iter 36/64 - loss 0.81533981 - time (sec): 4.51 - samples/sec: 255.28 - lr: 0.100000 - momentum: 0.000000
2023-11-19 21:12:46,301 epoch 9 - iter 42/64 - loss 0.80514485 - time (sec): 5.38 - samples/sec: 249.91 - lr: 0.100000 - momentum: 0.000000
2023-11-19 21:15:03,697 epoch 9 - iter 48/64 - loss 0.81017195 - time (sec): 142.77 - samples/sec: 10.76 - lr: 0.100000 - momentum: 0.000000
2023-11-19 21:15:04,475 epoch 9 - iter 54/64 - loss 0.80359553 - time (sec): 143.55 - samples/sec: 12.04 - lr: 0.100000 - momentum: 0.000000
2023-11-19 21:15:05,177 epoch 9 - iter 60/64 - loss 0.79928778 - time (sec): 144.25 - samples/sec: 13.31 - lr: 0.100000 - momentum: 0.000000
2023-11-19 21:15:05,671 ----------------------------------------------------------------------------------------------------
2023-11-19 21:15:05,671 EPOCH 9 done: loss 0.7969 - lr: 0.100000
2023-11-19 21:15:06,845 DEV : loss 0.7745500206947327 - f1-score (micro avg)  0.4844
2023-11-19 21:15:07,254  - 3 epochs without improvement
2023-11-19 21:15:07,256 ----------------------------------------------------------------------------------------------------
2023-11-19 21:15:08,194 epoch 10 - iter 6/64 - loss 0.74788894 - time (sec): 0.94 - samples/sec: 204.61 - lr: 0.100000 - momentum: 0.000000
2023-11-19 21:15:08,870 epoch 10 - iter 12/64 - loss 0.76720373 - time (sec): 1.61 - samples/sec: 237.93 - lr: 0.100000 - momentum: 0.000000
2023-11-19 21:15:09,605 epoch 10 - iter 18/64 - loss 0.79161676 - time (sec): 2.35 - samples/sec: 245.19 - lr: 0.100000 - momentum: 0.000000
2023-11-19 21:15:10,358 epoch 10 - iter 24/64 - loss 0.78399789 - time (sec): 3.10 - samples/sec: 247.60 - lr: 0.100000 - momentum: 0.000000
2023-11-19 21:15:11,040 epoch 10 - iter 30/64 - loss 0.78045449 - time (sec): 3.78 - samples/sec: 253.67 - lr: 0.100000 - momentum: 0.000000
2023-11-19 21:15:11,885 epoch 10 - iter 36/64 - loss 0.78069342 - time (sec): 4.63 - samples/sec: 248.87 - lr: 0.100000 - momentum: 0.000000
2023-11-19 21:15:12,642 epoch 10 - iter 42/64 - loss 0.76349049 - time (sec): 5.39 - samples/sec: 249.53 - lr: 0.100000 - momentum: 0.000000
2023-11-19 21:15:13,372 epoch 10 - iter 48/64 - loss 0.76165402 - time (sec): 6.12 - samples/sec: 251.13 - lr: 0.100000 - momentum: 0.000000
2023-11-19 21:15:14,086 epoch 10 - iter 54/64 - loss 0.77187297 - time (sec): 6.83 - samples/sec: 252.98 - lr: 0.100000 - momentum: 0.000000
2023-11-19 21:15:14,985 epoch 10 - iter 60/64 - loss 0.77289468 - time (sec): 7.73 - samples/sec: 248.41 - lr: 0.100000 - momentum: 0.000000
2023-11-19 21:15:15,296 ----------------------------------------------------------------------------------------------------
2023-11-19 21:15:15,296 EPOCH 10 done: loss 0.7810 - lr: 0.100000
2023-11-19 21:15:16,425 DEV : loss 0.7909061908721924 - f1-score (micro avg)  0.4889
2023-11-19 21:15:17,015  - 4 epochs without improvement (above 'patience')-> annealing learning_rate to [0.05]
2023-11-19 21:15:17,333 ----------------------------------------------------------------------------------------------------
2023-11-19 21:15:17,334 Loading model from best epoch ...
2023-11-19 21:15:18,499 
Results:
- F-score (micro) 0.592
- F-score (macro) 0.5066
- Accuracy 0.592

By class:
              precision    recall  f1-score   support

    POSITIVE     0.5600    0.9767    0.7119       129
    NEGATIVE     0.8800    0.1818    0.3014       121

    accuracy                         0.5920       250
   macro avg     0.7200    0.5793    0.5066       250
weighted avg     0.7149    0.5920    0.5132       250

2023-11-19 21:15:18,499 ----------------------------------------------------------------------------------------------------
